{"__type":"$$EventMessageAudit","id":"0e02c87a-1faf-425e-a560-b56a8764b491","ts":"2026-04-14T23:22:59.549+07:00","eventName":"n8n.audit.user.login.success","message":"n8n.audit.user.login.success","payload":{"userId":"939edc2f-b472-406f-887a-b3a91aa16dcd","_email":"sakkarat.tai@gmail.com","_firstName":"sakkarat","_lastName":"suwantai","globalRole":"global:owner","authenticationMethod":"email"}}
{"__type":"$$EventMessageConfirm","confirm":"0e02c87a-1faf-425e-a560-b56a8764b491","ts":"2026-04-14T23:22:59.550+07:00","source":{"id":"0","name":"eventBus"}}
{"__type":"$$EventMessageAudit","id":"21521411-7f7a-4782-95e2-a76db66cea5a","ts":"2026-04-14T23:32:24.919+07:00","eventName":"n8n.audit.workflow.created","message":"n8n.audit.workflow.created","payload":{"userId":"939edc2f-b472-406f-887a-b3a91aa16dcd","_email":"sakkarat.tai@gmail.com","_firstName":"sakkarat","_lastName":"suwantai","globalRole":"global:owner","workflowId":"3NQ17gduCZVPN6ah","workflowName":"admin"}}
{"__type":"$$EventMessageConfirm","confirm":"21521411-7f7a-4782-95e2-a76db66cea5a","ts":"2026-04-14T23:32:24.919+07:00","source":{"id":"0","name":"eventBus"}}
{"__type":"$$EventMessageAudit","id":"1d1331a4-1486-4d64-87e2-f16bf13cd260","ts":"2026-04-14T23:36:37.222+07:00","eventName":"n8n.audit.user.credentials.created","message":"n8n.audit.user.credentials.created","payload":{"userId":"939edc2f-b472-406f-887a-b3a91aa16dcd","_email":"sakkarat.tai@gmail.com","_firstName":"sakkarat","_lastName":"suwantai","globalRole":"global:owner","credentialType":"googleSheetsTriggerOAuth2Api","credentialId":"LbhrvdX9JdPDVU9c","publicApi":false,"projectId":"LuB8JFIN1RQQHhpO","projectType":"personal","isDynamic":false}}
{"__type":"$$EventMessageConfirm","confirm":"1d1331a4-1486-4d64-87e2-f16bf13cd260","ts":"2026-04-14T23:36:37.223+07:00","source":{"id":"0","name":"eventBus"}}
{"__type":"$$EventMessageAudit","id":"287def37-deba-4150-89fa-b6417a2ecc57","ts":"2026-04-14T23:36:38.887+07:00","eventName":"n8n.audit.workflow.updated","message":"n8n.audit.workflow.updated","payload":{"userId":"939edc2f-b472-406f-887a-b3a91aa16dcd","_email":"sakkarat.tai@gmail.com","_firstName":"sakkarat","_lastName":"suwantai","globalRole":"global:owner","workflowId":"3NQ17gduCZVPN6ah","workflowName":"admin"}}
{"__type":"$$EventMessageConfirm","confirm":"287def37-deba-4150-89fa-b6417a2ecc57","ts":"2026-04-14T23:36:38.888+07:00","source":{"id":"0","name":"eventBus"}}
{"__type":"$$EventMessageAudit","id":"18747b76-540d-4278-882e-88d8d9a0ff06","ts":"2026-04-14T23:37:04.646+07:00","eventName":"n8n.audit.user.credentials.created","message":"n8n.audit.user.credentials.created","payload":{"userId":"939edc2f-b472-406f-887a-b3a91aa16dcd","_email":"sakkarat.tai@gmail.com","_firstName":"sakkarat","_lastName":"suwantai","globalRole":"global:owner","credentialType":"gmailOAuth2","credentialId":"9HUILLSb7XwpNdBe","publicApi":false,"projectId":"LuB8JFIN1RQQHhpO","projectType":"personal","isDynamic":false}}
{"__type":"$$EventMessageConfirm","confirm":"18747b76-540d-4278-882e-88d8d9a0ff06","ts":"2026-04-14T23:37:04.646+07:00","source":{"id":"0","name":"eventBus"}}
{"__type":"$$EventMessageAudit","id":"ddbee1c8-6ae6-4c58-8d23-ae2873a9c498","ts":"2026-04-14T23:37:06.376+07:00","eventName":"n8n.audit.workflow.updated","message":"n8n.audit.workflow.updated","payload":{"userId":"939edc2f-b472-406f-887a-b3a91aa16dcd","_email":"sakkarat.tai@gmail.com","_firstName":"sakkarat","_lastName":"suwantai","globalRole":"global:owner","workflowId":"3NQ17gduCZVPN6ah","workflowName":"admin"}}
{"__type":"$$EventMessageConfirm","confirm":"ddbee1c8-6ae6-4c58-8d23-ae2873a9c498","ts":"2026-04-14T23:37:06.376+07:00","source":{"id":"0","name":"eventBus"}}
{"__type":"$$EventMessageAudit","id":"fa2b7157-5b1b-41eb-873f-4bc22f5a9be6","ts":"2026-04-14T23:37:31.850+07:00","eventName":"n8n.audit.user.credentials.created","message":"n8n.audit.user.credentials.created","payload":{"userId":"939edc2f-b472-406f-887a-b3a91aa16dcd","_email":"sakkarat.tai@gmail.com","_firstName":"sakkarat","_lastName":"suwantai","globalRole":"global:owner","credentialType":"googleSheetsOAuth2Api","credentialId":"JZLANDT9EIpKZggw","publicApi":false,"projectId":"LuB8JFIN1RQQHhpO","projectType":"personal","isDynamic":false}}
{"__type":"$$EventMessageConfirm","confirm":"fa2b7157-5b1b-41eb-873f-4bc22f5a9be6","ts":"2026-04-14T23:37:31.850+07:00","source":{"id":"0","name":"eventBus"}}
{"__type":"$$EventMessageAudit","id":"577bd252-918d-4af6-af2d-e624afc3651b","ts":"2026-04-14T23:37:33.513+07:00","eventName":"n8n.audit.workflow.updated","message":"n8n.audit.workflow.updated","payload":{"userId":"939edc2f-b472-406f-887a-b3a91aa16dcd","_email":"sakkarat.tai@gmail.com","_firstName":"sakkarat","_lastName":"suwantai","globalRole":"global:owner","workflowId":"3NQ17gduCZVPN6ah","workflowName":"admin"}}
{"__type":"$$EventMessageConfirm","confirm":"577bd252-918d-4af6-af2d-e624afc3651b","ts":"2026-04-14T23:37:33.513+07:00","source":{"id":"0","name":"eventBus"}}
{"__type":"$$EventMessageAudit","id":"5bafca11-e035-4324-a86c-a4cbf0893784","ts":"2026-04-14T23:42:23.257+07:00","eventName":"n8n.audit.workflow.archived","message":"n8n.audit.workflow.archived","payload":{"userId":"939edc2f-b472-406f-887a-b3a91aa16dcd","_email":"sakkarat.tai@gmail.com","_firstName":"sakkarat","_lastName":"suwantai","globalRole":"global:owner","workflowId":"3NQ17gduCZVPN6ah"}}
{"__type":"$$EventMessageConfirm","confirm":"5bafca11-e035-4324-a86c-a4cbf0893784","ts":"2026-04-14T23:42:23.257+07:00","source":{"id":"0","name":"eventBus"}}
{"__type":"$$EventMessageAudit","id":"65301072-0161-4a64-ac71-cdeb4d2c8152","ts":"2026-04-14T23:42:52.399+07:00","eventName":"n8n.audit.workflow.created","message":"n8n.audit.workflow.created","payload":{"userId":"939edc2f-b472-406f-887a-b3a91aa16dcd","_email":"sakkarat.tai@gmail.com","_firstName":"sakkarat","_lastName":"suwantai","globalRole":"global:owner","workflowId":"F04ioIyQMJZnOQr6","workflowName":"admin"}}
{"__type":"$$EventMessageConfirm","confirm":"65301072-0161-4a64-ac71-cdeb4d2c8152","ts":"2026-04-14T23:42:52.400+07:00","source":{"id":"0","name":"eventBus"}}
{"__type":"$$EventMessageAudit","id":"16cf54ea-5aef-41b4-b9e2-a5998402ac42","ts":"2026-04-14T23:43:09.797+07:00","eventName":"n8n.audit.workflow.updated","message":"n8n.audit.workflow.updated","payload":{"userId":"939edc2f-b472-406f-887a-b3a91aa16dcd","_email":"sakkarat.tai@gmail.com","_firstName":"sakkarat","_lastName":"suwantai","globalRole":"global:owner","workflowId":"F04ioIyQMJZnOQr6","workflowName":"admin"}}
{"__type":"$$EventMessageConfirm","confirm":"16cf54ea-5aef-41b4-b9e2-a5998402ac42","ts":"2026-04-14T23:43:09.798+07:00","source":{"id":"0","name":"eventBus"}}
{"__type":"$$EventMessageAudit","id":"f5c55b51-a9fa-411b-88f4-61ec72ed4ecc","ts":"2026-04-14T23:43:32.780+07:00","eventName":"n8n.audit.user.credentials.updated","message":"n8n.audit.user.credentials.updated","payload":{"userId":"939edc2f-b472-406f-887a-b3a91aa16dcd","_email":"sakkarat.tai@gmail.com","_firstName":"sakkarat","_lastName":"suwantai","globalRole":"global:owner","credentialType":"googleSheetsTriggerOAuth2Api","credentialId":"LbhrvdX9JdPDVU9c","isDynamic":false}}
{"__type":"$$EventMessageConfirm","confirm":"f5c55b51-a9fa-411b-88f4-61ec72ed4ecc","ts":"2026-04-14T23:43:32.780+07:00","source":{"id":"0","name":"eventBus"}}
{"__type":"$$EventMessageAudit","id":"d95f1f1c-804d-40fd-bcab-544d092ec231","ts":"2026-04-14T23:43:39.597+07:00","eventName":"n8n.audit.user.credentials.updated","message":"n8n.audit.user.credentials.updated","payload":{"userId":"939edc2f-b472-406f-887a-b3a91aa16dcd","_email":"sakkarat.tai@gmail.com","_firstName":"sakkarat","_lastName":"suwantai","globalRole":"global:owner","credentialType":"googleSheetsTriggerOAuth2Api","credentialId":"LbhrvdX9JdPDVU9c","isDynamic":false}}
{"__type":"$$EventMessageConfirm","confirm":"d95f1f1c-804d-40fd-bcab-544d092ec231","ts":"2026-04-14T23:43:39.597+07:00","source":{"id":"0","name":"eventBus"}}
{"__type":"$$EventMessageAudit","id":"29c32965-4db8-4d23-ae1f-94951a90cb41","ts":"2026-04-14T23:44:04.924+07:00","eventName":"n8n.audit.workflow.updated","message":"n8n.audit.workflow.updated","payload":{"userId":"939edc2f-b472-406f-887a-b3a91aa16dcd","_email":"sakkarat.tai@gmail.com","_firstName":"sakkarat","_lastName":"suwantai","globalRole":"global:owner","workflowId":"F04ioIyQMJZnOQr6","workflowName":"admin"}}
{"__type":"$$EventMessageConfirm","confirm":"29c32965-4db8-4d23-ae1f-94951a90cb41","ts":"2026-04-14T23:44:04.924+07:00","source":{"id":"0","name":"eventBus"}}
{"__type":"$$EventMessageAudit","id":"3e46bb76-29bb-4c77-a654-ae53957b2764","ts":"2026-04-14T23:44:18.793+07:00","eventName":"n8n.audit.workflow.updated","message":"n8n.audit.workflow.updated","payload":{"userId":"939edc2f-b472-406f-887a-b3a91aa16dcd","_email":"sakkarat.tai@gmail.com","_firstName":"sakkarat","_lastName":"suwantai","globalRole":"global:owner","workflowId":"F04ioIyQMJZnOQr6","workflowName":"admin"}}
{"__type":"$$EventMessageConfirm","confirm":"3e46bb76-29bb-4c77-a654-ae53957b2764","ts":"2026-04-14T23:44:18.794+07:00","source":{"id":"0","name":"eventBus"}}
{"__type":"$$EventMessageAudit","id":"bde810d3-7558-44e9-8d55-ac858eda81e6","ts":"2026-04-14T23:44:35.139+07:00","eventName":"n8n.audit.workflow.updated","message":"n8n.audit.workflow.updated","payload":{"userId":"939edc2f-b472-406f-887a-b3a91aa16dcd","_email":"sakkarat.tai@gmail.com","_firstName":"sakkarat","_lastName":"suwantai","globalRole":"global:owner","workflowId":"F04ioIyQMJZnOQr6","workflowName":"admin"}}
{"__type":"$$EventMessageConfirm","confirm":"bde810d3-7558-44e9-8d55-ac858eda81e6","ts":"2026-04-14T23:44:35.139+07:00","source":{"id":"0","name":"eventBus"}}
{"__type":"$$EventMessageAudit","id":"c33a9f7c-917c-452b-bed9-8da6d8f290c2","ts":"2026-04-14T23:44:38.828+07:00","eventName":"n8n.audit.workflow.updated","message":"n8n.audit.workflow.updated","payload":{"userId":"939edc2f-b472-406f-887a-b3a91aa16dcd","_email":"sakkarat.tai@gmail.com","_firstName":"sakkarat","_lastName":"suwantai","globalRole":"global:owner","workflowId":"F04ioIyQMJZnOQr6","workflowName":"admin"}}
{"__type":"$$EventMessageConfirm","confirm":"c33a9f7c-917c-452b-bed9-8da6d8f290c2","ts":"2026-04-14T23:44:38.828+07:00","source":{"id":"0","name":"eventBus"}}
{"__type":"$$EventMessageAudit","id":"c47932b6-2472-4dbf-9b62-50edc60a81fe","ts":"2026-04-14T23:44:42.101+07:00","eventName":"n8n.audit.workflow.updated","message":"n8n.audit.workflow.updated","payload":{"userId":"939edc2f-b472-406f-887a-b3a91aa16dcd","_email":"sakkarat.tai@gmail.com","_firstName":"sakkarat","_lastName":"suwantai","globalRole":"global:owner","workflowId":"F04ioIyQMJZnOQr6","workflowName":"admin"}}
{"__type":"$$EventMessageConfirm","confirm":"c47932b6-2472-4dbf-9b62-50edc60a81fe","ts":"2026-04-14T23:44:42.103+07:00","source":{"id":"0","name":"eventBus"}}
{"__type":"$$EventMessageAudit","id":"661f26bb-5927-4fad-a332-47b9d7a3437e","ts":"2026-04-14T23:44:44.833+07:00","eventName":"n8n.audit.workflow.updated","message":"n8n.audit.workflow.updated","payload":{"userId":"939edc2f-b472-406f-887a-b3a91aa16dcd","_email":"sakkarat.tai@gmail.com","_firstName":"sakkarat","_lastName":"suwantai","globalRole":"global:owner","workflowId":"F04ioIyQMJZnOQr6","workflowName":"admin"}}
{"__type":"$$EventMessageConfirm","confirm":"661f26bb-5927-4fad-a332-47b9d7a3437e","ts":"2026-04-14T23:44:44.833+07:00","source":{"id":"0","name":"eventBus"}}
{"__type":"$$EventMessageAudit","id":"7bf22752-e06b-4772-b8ff-b496baec7c7d","ts":"2026-04-14T23:44:48.187+07:00","eventName":"n8n.audit.workflow.updated","message":"n8n.audit.workflow.updated","payload":{"userId":"939edc2f-b472-406f-887a-b3a91aa16dcd","_email":"sakkarat.tai@gmail.com","_firstName":"sakkarat","_lastName":"suwantai","globalRole":"global:owner","workflowId":"F04ioIyQMJZnOQr6","workflowName":"admin"}}
{"__type":"$$EventMessageConfirm","confirm":"7bf22752-e06b-4772-b8ff-b496baec7c7d","ts":"2026-04-14T23:44:48.187+07:00","source":{"id":"0","name":"eventBus"}}
{"__type":"$$EventMessageAudit","id":"4c090b65-fac1-4cc3-94eb-ce9914af3451","ts":"2026-04-14T23:45:51.643+07:00","eventName":"n8n.audit.workflow.updated","message":"n8n.audit.workflow.updated","payload":{"userId":"939edc2f-b472-406f-887a-b3a91aa16dcd","_email":"sakkarat.tai@gmail.com","_firstName":"sakkarat","_lastName":"suwantai","globalRole":"global:owner","workflowId":"F04ioIyQMJZnOQr6","workflowName":"admin","settingsChanged":{"timeSavedMode":{"from":null,"to":"fixed"},"callerPolicy":{"from":null,"to":"workflowsFromSameOwner"},"availableInMCP":{"from":null,"to":false}}}}
{"__type":"$$EventMessageConfirm","confirm":"4c090b65-fac1-4cc3-94eb-ce9914af3451","ts":"2026-04-14T23:45:51.643+07:00","source":{"id":"0","name":"eventBus"}}
{"__type":"$$EventMessageAudit","id":"66dbfb7a-599b-45ad-b8d3-294e036e607d","ts":"2026-04-14T23:46:04.358+07:00","eventName":"n8n.audit.workflow.updated","message":"n8n.audit.workflow.updated","payload":{"userId":"939edc2f-b472-406f-887a-b3a91aa16dcd","_email":"sakkarat.tai@gmail.com","_firstName":"sakkarat","_lastName":"suwantai","globalRole":"global:owner","workflowId":"F04ioIyQMJZnOQr6","workflowName":"admin"}}
{"__type":"$$EventMessageConfirm","confirm":"66dbfb7a-599b-45ad-b8d3-294e036e607d","ts":"2026-04-14T23:46:04.359+07:00","source":{"id":"0","name":"eventBus"}}
{"__type":"$$EventMessageAudit","id":"0e74a70a-fb0d-4a04-a6bb-c40f7fe16252","ts":"2026-04-14T23:46:08.212+07:00","eventName":"n8n.audit.workflow.updated","message":"n8n.audit.workflow.updated","payload":{"userId":"939edc2f-b472-406f-887a-b3a91aa16dcd","_email":"sakkarat.tai@gmail.com","_firstName":"sakkarat","_lastName":"suwantai","globalRole":"global:owner","workflowId":"F04ioIyQMJZnOQr6","workflowName":"admin"}}
{"__type":"$$EventMessageConfirm","confirm":"0e74a70a-fb0d-4a04-a6bb-c40f7fe16252","ts":"2026-04-14T23:46:08.212+07:00","source":{"id":"0","name":"eventBus"}}
{"__type":"$$EventMessageAudit","id":"0782b22b-fa7d-4b51-b357-91881392812a","ts":"2026-04-14T12:49:17.249-04:00","eventName":"n8n.audit.workflow.activated","message":"n8n.audit.workflow.activated","payload":{"userId":"939edc2f-b472-406f-887a-b3a91aa16dcd","_email":"sakkarat.tai@gmail.com","_firstName":"sakkarat","_lastName":"suwantai","globalRole":"global:owner","workflowId":"F04ioIyQMJZnOQr6","workflowName":"admin","activeVersionId":"d42bc288-4bea-4d50-b8d9-a0bd6f1dab35"}}
{"__type":"$$EventMessageConfirm","confirm":"0782b22b-fa7d-4b51-b357-91881392812a","ts":"2026-04-14T12:49:17.250-04:00","source":{"id":"0","name":"eventBus"}}
{"__type":"$$EventMessageAudit","id":"d1816abe-81c3-466e-9411-b69a7134963e","ts":"2026-04-14T12:54:18.493-04:00","eventName":"n8n.audit.workflow.executed","message":"n8n.audit.workflow.executed","payload":{"workflowId":"F04ioIyQMJZnOQr6","workflowName":"admin","executionId":"1","source":"webhook"}}
{"__type":"$$EventMessageConfirm","confirm":"d1816abe-81c3-466e-9411-b69a7134963e","ts":"2026-04-14T12:54:18.493-04:00","source":{"id":"0","name":"eventBus"}}
{"__type":"$$EventMessageWorkflow","id":"9392858d-7763-4f20-b269-7967a8072a0e","ts":"2026-04-14T12:54:18.494-04:00","eventName":"n8n.workflow.started","message":"n8n.workflow.started","payload":{"executionId":"1","workflowId":"F04ioIyQMJZnOQr6","isManual":false,"mode":"webhook","workflowName":"admin"}}
{"__type":"$$EventMessageConfirm","confirm":"9392858d-7763-4f20-b269-7967a8072a0e","ts":"2026-04-14T12:54:18.494-04:00","source":{"id":"0","name":"eventBus"}}
{"__type":"$$EventMessageNode","id":"7fb993aa-03e8-46c6-b67b-ab4b364e350b","ts":"2026-04-14T12:54:18.495-04:00","eventName":"n8n.node.started","message":"n8n.node.started","payload":{"workflowId":"F04ioIyQMJZnOQr6","workflowName":"admin","executionId":"1","nodeType":"n8n-nodes-base.webhook","nodeName":"Webhook1","nodeId":"bbc73c44-2e63-417b-8060-2640e8caef53"}}
{"__type":"$$EventMessageConfirm","confirm":"7fb993aa-03e8-46c6-b67b-ab4b364e350b","ts":"2026-04-14T12:54:18.495-04:00","source":{"id":"0","name":"eventBus"}}
{"__type":"$$EventMessageNode","id":"b3539130-315f-478e-bbae-a55072ef5796","ts":"2026-04-14T12:54:18.499-04:00","eventName":"n8n.node.finished","message":"n8n.node.finished","payload":{"workflowId":"F04ioIyQMJZnOQr6","workflowName":"admin","executionId":"1","nodeType":"n8n-nodes-base.webhook","nodeName":"Webhook1","nodeId":"bbc73c44-2e63-417b-8060-2640e8caef53"}}
{"__type":"$$EventMessageConfirm","confirm":"b3539130-315f-478e-bbae-a55072ef5796","ts":"2026-04-14T12:54:18.499-04:00","source":{"id":"0","name":"eventBus"}}
{"__type":"$$EventMessageNode","id":"930ceefc-4e04-43d3-aeaf-df144f28e59f","ts":"2026-04-14T12:54:18.501-04:00","eventName":"n8n.node.started","message":"n8n.node.started","payload":{"workflowId":"F04ioIyQMJZnOQr6","workflowName":"admin","executionId":"1","nodeType":"n8n-nodes-base.googleSheets","nodeName":"Get row(s) in sheet1","nodeId":"791c4a10-94bc-4a97-b526-cfd641a4a61c"}}
{"__type":"$$EventMessageConfirm","confirm":"930ceefc-4e04-43d3-aeaf-df144f28e59f","ts":"2026-04-14T12:54:18.501-04:00","source":{"id":"0","name":"eventBus"}}
{"__type":"$$EventMessageNode","id":"3ceab3c7-415e-4510-b138-ab3850dda8fb","ts":"2026-04-14T12:54:19.681-04:00","eventName":"n8n.node.finished","message":"n8n.node.finished","payload":{"workflowId":"F04ioIyQMJZnOQr6","workflowName":"admin","executionId":"1","nodeType":"n8n-nodes-base.googleSheets","nodeName":"Get row(s) in sheet1","nodeId":"791c4a10-94bc-4a97-b526-cfd641a4a61c"}}
{"__type":"$$EventMessageConfirm","confirm":"3ceab3c7-415e-4510-b138-ab3850dda8fb","ts":"2026-04-14T12:54:19.681-04:00","source":{"id":"0","name":"eventBus"}}
{"__type":"$$EventMessageNode","id":"1cbfb944-de0d-44aa-a263-abe2b50f261d","ts":"2026-04-14T12:54:19.682-04:00","eventName":"n8n.node.started","message":"n8n.node.started","payload":{"workflowId":"F04ioIyQMJZnOQr6","workflowName":"admin","executionId":"1","nodeType":"n8n-nodes-base.set","nodeName":"Edit Fields1","nodeId":"9aaebab9-6606-487a-81ee-8d1a88fdc5d3"}}
{"__type":"$$EventMessageConfirm","confirm":"1cbfb944-de0d-44aa-a263-abe2b50f261d","ts":"2026-04-14T12:54:19.682-04:00","source":{"id":"0","name":"eventBus"}}
{"__type":"$$EventMessageNode","id":"7dc8f7c5-27be-41aa-a248-08f8e8895e2b","ts":"2026-04-14T12:54:19.816-04:00","eventName":"n8n.node.finished","message":"n8n.node.finished","payload":{"workflowId":"F04ioIyQMJZnOQr6","workflowName":"admin","executionId":"1","nodeType":"n8n-nodes-base.set","nodeName":"Edit Fields1","nodeId":"9aaebab9-6606-487a-81ee-8d1a88fdc5d3"}}
{"__type":"$$EventMessageConfirm","confirm":"7dc8f7c5-27be-41aa-a248-08f8e8895e2b","ts":"2026-04-14T12:54:19.816-04:00","source":{"id":"0","name":"eventBus"}}
{"__type":"$$EventMessageNode","id":"1e71103a-68f5-4671-8e76-e7dd5a0d8cee","ts":"2026-04-14T12:54:19.817-04:00","eventName":"n8n.node.started","message":"n8n.node.started","payload":{"workflowId":"F04ioIyQMJZnOQr6","workflowName":"admin","executionId":"1","nodeType":"n8n-nodes-base.respondToWebhook","nodeName":"Respond to Webhook1","nodeId":"99853d78-3b7b-4da7-bea3-1aa126e350a0"}}
{"__type":"$$EventMessageConfirm","confirm":"1e71103a-68f5-4671-8e76-e7dd5a0d8cee","ts":"2026-04-14T12:54:19.817-04:00","source":{"id":"0","name":"eventBus"}}
{"__type":"$$EventMessageNode","id":"a1e76125-6b65-4f32-bdff-b59fdbe9105a","ts":"2026-04-14T12:54:19.820-04:00","eventName":"n8n.node.finished","message":"n8n.node.finished","payload":{"workflowId":"F04ioIyQMJZnOQr6","workflowName":"admin","executionId":"1","nodeType":"n8n-nodes-base.respondToWebhook","nodeName":"Respond to Webhook1","nodeId":"99853d78-3b7b-4da7-bea3-1aa126e350a0"}}
{"__type":"$$EventMessageConfirm","confirm":"a1e76125-6b65-4f32-bdff-b59fdbe9105a","ts":"2026-04-14T12:54:19.820-04:00","source":{"id":"0","name":"eventBus"}}
{"__type":"$$EventMessageWorkflow","id":"c815322e-8014-485b-9a64-eb6a4a461a92","ts":"2026-04-14T12:54:19.824-04:00","eventName":"n8n.workflow.success","message":"n8n.workflow.success","payload":{"executionId":"1","success":true,"isManual":false,"mode":"webhook","workflowId":"F04ioIyQMJZnOQr6","workflowName":"admin"}}
{"__type":"$$EventMessageConfirm","confirm":"c815322e-8014-485b-9a64-eb6a4a461a92","ts":"2026-04-14T12:54:19.824-04:00","source":{"id":"0","name":"eventBus"}}
{"__type":"$$EventMessageAudit","id":"0cf6b515-917e-43ff-ae77-4bfed4fa0dea","ts":"2026-04-14T12:54:20.803-04:00","eventName":"n8n.audit.workflow.executed","message":"n8n.audit.workflow.executed","payload":{"workflowId":"F04ioIyQMJZnOQr6","workflowName":"admin","executionId":"2","source":"webhook"}}
{"__type":"$$EventMessageConfirm","confirm":"0cf6b515-917e-43ff-ae77-4bfed4fa0dea","ts":"2026-04-14T12:54:20.803-04:00","source":{"id":"0","name":"eventBus"}}
{"__type":"$$EventMessageWorkflow","id":"e2361c41-3902-42a9-8964-002271683201","ts":"2026-04-14T12:54:20.803-04:00","eventName":"n8n.workflow.started","message":"n8n.workflow.started","payload":{"executionId":"2","workflowId":"F04ioIyQMJZnOQr6","isManual":false,"mode":"webhook","workflowName":"admin"}}
{"__type":"$$EventMessageConfirm","confirm":"e2361c41-3902-42a9-8964-002271683201","ts":"2026-04-14T12:54:20.803-04:00","source":{"id":"0","name":"eventBus"}}
{"__type":"$$EventMessageNode","id":"5c974de0-6c89-46bb-bc6e-b53f2b2c3719","ts":"2026-04-14T12:54:20.803-04:00","eventName":"n8n.node.started","message":"n8n.node.started","payload":{"workflowId":"F04ioIyQMJZnOQr6","workflowName":"admin","executionId":"2","nodeType":"n8n-nodes-base.webhook","nodeName":"Webhook","nodeId":"2e863b98-aaaf-424f-942a-8a45865bb9bc"}}
{"__type":"$$EventMessageConfirm","confirm":"5c974de0-6c89-46bb-bc6e-b53f2b2c3719","ts":"2026-04-14T12:54:20.803-04:00","source":{"id":"0","name":"eventBus"}}
{"__type":"$$EventMessageNode","id":"1f159dca-2dbd-49a0-80bf-6908142b2d6d","ts":"2026-04-14T12:54:20.804-04:00","eventName":"n8n.node.finished","message":"n8n.node.finished","payload":{"workflowId":"F04ioIyQMJZnOQr6","workflowName":"admin","executionId":"2","nodeType":"n8n-nodes-base.webhook","nodeName":"Webhook","nodeId":"2e863b98-aaaf-424f-942a-8a45865bb9bc"}}
{"__type":"$$EventMessageConfirm","confirm":"1f159dca-2dbd-49a0-80bf-6908142b2d6d","ts":"2026-04-14T12:54:20.804-04:00","source":{"id":"0","name":"eventBus"}}
{"__type":"$$EventMessageNode","id":"528f1de3-154b-452e-afdb-2ac84f728803","ts":"2026-04-14T12:54:20.804-04:00","eventName":"n8n.node.started","message":"n8n.node.started","payload":{"workflowId":"F04ioIyQMJZnOQr6","workflowName":"admin","executionId":"2","nodeType":"n8n-nodes-base.googleSheets","nodeName":"Get row(s) in sheet","nodeId":"23ec1fe0-5996-40e4-9361-7ee7faa9a1b4"}}
{"__type":"$$EventMessageConfirm","confirm":"528f1de3-154b-452e-afdb-2ac84f728803","ts":"2026-04-14T12:54:20.804-04:00","source":{"id":"0","name":"eventBus"}}
{"__type":"$$EventMessageNode","id":"f3f22fbb-91e2-4695-8afb-d556f75239ce","ts":"2026-04-14T12:54:22.017-04:00","eventName":"n8n.node.finished","message":"n8n.node.finished","payload":{"workflowId":"F04ioIyQMJZnOQr6","workflowName":"admin","executionId":"2","nodeType":"n8n-nodes-base.googleSheets","nodeName":"Get row(s) in sheet","nodeId":"23ec1fe0-5996-40e4-9361-7ee7faa9a1b4"}}
{"__type":"$$EventMessageConfirm","confirm":"f3f22fbb-91e2-4695-8afb-d556f75239ce","ts":"2026-04-14T12:54:22.017-04:00","source":{"id":"0","name":"eventBus"}}
{"__type":"$$EventMessageNode","id":"e7551d24-f2ce-42ea-aedc-b43fc0e31370","ts":"2026-04-14T12:54:22.018-04:00","eventName":"n8n.node.started","message":"n8n.node.started","payload":{"workflowId":"F04ioIyQMJZnOQr6","workflowName":"admin","executionId":"2","nodeType":"n8n-nodes-base.set","nodeName":"Edit Fields","nodeId":"775f427c-d469-4b47-9b24-94dd2b8af1de"}}
{"__type":"$$EventMessageConfirm","confirm":"e7551d24-f2ce-42ea-aedc-b43fc0e31370","ts":"2026-04-14T12:54:22.018-04:00","source":{"id":"0","name":"eventBus"}}
{"__type":"$$EventMessageNode","id":"be835a80-a6d6-4c29-b04e-c5d4ce70d183","ts":"2026-04-14T12:54:22.081-04:00","eventName":"n8n.node.finished","message":"n8n.node.finished","payload":{"workflowId":"F04ioIyQMJZnOQr6","workflowName":"admin","executionId":"2","nodeType":"n8n-nodes-base.set","nodeName":"Edit Fields","nodeId":"775f427c-d469-4b47-9b24-94dd2b8af1de"}}
{"__type":"$$EventMessageConfirm","confirm":"be835a80-a6d6-4c29-b04e-c5d4ce70d183","ts":"2026-04-14T12:54:22.081-04:00","source":{"id":"0","name":"eventBus"}}
{"__type":"$$EventMessageNode","id":"b510e4bf-4b4e-44c1-890b-23a975ce8a47","ts":"2026-04-14T12:54:22.081-04:00","eventName":"n8n.node.started","message":"n8n.node.started","payload":{"workflowId":"F04ioIyQMJZnOQr6","workflowName":"admin","executionId":"2","nodeType":"n8n-nodes-base.respondToWebhook","nodeName":"Respond to Webhook","nodeId":"e32af3b9-7d37-4a18-91be-9b8707a10450"}}
{"__type":"$$EventMessageConfirm","confirm":"b510e4bf-4b4e-44c1-890b-23a975ce8a47","ts":"2026-04-14T12:54:22.081-04:00","source":{"id":"0","name":"eventBus"}}
{"__type":"$$EventMessageNode","id":"54cc3a64-74c1-4478-84c0-b55cbf97ad8d","ts":"2026-04-14T12:54:22.082-04:00","eventName":"n8n.node.finished","message":"n8n.node.finished","payload":{"workflowId":"F04ioIyQMJZnOQr6","workflowName":"admin","executionId":"2","nodeType":"n8n-nodes-base.respondToWebhook","nodeName":"Respond to Webhook","nodeId":"e32af3b9-7d37-4a18-91be-9b8707a10450"}}
{"__type":"$$EventMessageConfirm","confirm":"54cc3a64-74c1-4478-84c0-b55cbf97ad8d","ts":"2026-04-14T12:54:22.083-04:00","source":{"id":"0","name":"eventBus"}}
{"__type":"$$EventMessageWorkflow","id":"cd8e6b3a-0284-44d3-9cf5-a34d973f75f3","ts":"2026-04-14T12:54:22.084-04:00","eventName":"n8n.workflow.success","message":"n8n.workflow.success","payload":{"executionId":"2","success":true,"isManual":false,"mode":"webhook","workflowId":"F04ioIyQMJZnOQr6","workflowName":"admin"}}
{"__type":"$$EventMessageConfirm","confirm":"cd8e6b3a-0284-44d3-9cf5-a34d973f75f3","ts":"2026-04-14T12:54:22.084-04:00","source":{"id":"0","name":"eventBus"}}
{"__type":"$$EventMessageAudit","id":"cc1d5c26-ee96-4a8f-86c1-54898f7a1419","ts":"2026-04-14T12:54:26.987-04:00","eventName":"n8n.audit.workflow.executed","message":"n8n.audit.workflow.executed","payload":{"workflowId":"F04ioIyQMJZnOQr6","workflowName":"admin","executionId":"3","source":"webhook"}}
{"__type":"$$EventMessageConfirm","confirm":"cc1d5c26-ee96-4a8f-86c1-54898f7a1419","ts":"2026-04-14T12:54:26.987-04:00","source":{"id":"0","name":"eventBus"}}
{"__type":"$$EventMessageWorkflow","id":"f4fe8800-f57e-4b82-a611-48b61412202e","ts":"2026-04-14T12:54:26.987-04:00","eventName":"n8n.workflow.started","message":"n8n.workflow.started","payload":{"executionId":"3","workflowId":"F04ioIyQMJZnOQr6","isManual":false,"mode":"webhook","workflowName":"admin"}}
{"__type":"$$EventMessageConfirm","confirm":"f4fe8800-f57e-4b82-a611-48b61412202e","ts":"2026-04-14T12:54:26.988-04:00","source":{"id":"0","name":"eventBus"}}
{"__type":"$$EventMessageNode","id":"2d1f7a16-a030-458c-aaeb-2c9fe48579aa","ts":"2026-04-14T12:54:26.988-04:00","eventName":"n8n.node.started","message":"n8n.node.started","payload":{"workflowId":"F04ioIyQMJZnOQr6","workflowName":"admin","executionId":"3","nodeType":"n8n-nodes-base.webhook","nodeName":"Webhook1","nodeId":"bbc73c44-2e63-417b-8060-2640e8caef53"}}
{"__type":"$$EventMessageConfirm","confirm":"2d1f7a16-a030-458c-aaeb-2c9fe48579aa","ts":"2026-04-14T12:54:26.988-04:00","source":{"id":"0","name":"eventBus"}}
{"__type":"$$EventMessageNode","id":"c0f0e649-74ad-4e03-b561-8950055a3ef9","ts":"2026-04-14T12:54:26.990-04:00","eventName":"n8n.node.finished","message":"n8n.node.finished","payload":{"workflowId":"F04ioIyQMJZnOQr6","workflowName":"admin","executionId":"3","nodeType":"n8n-nodes-base.webhook","nodeName":"Webhook1","nodeId":"bbc73c44-2e63-417b-8060-2640e8caef53"}}
{"__type":"$$EventMessageConfirm","confirm":"c0f0e649-74ad-4e03-b561-8950055a3ef9","ts":"2026-04-14T12:54:26.991-04:00","source":{"id":"0","name":"eventBus"}}
{"__type":"$$EventMessageNode","id":"0534306a-9f8d-4d71-b4ec-fe1a8160fb21","ts":"2026-04-14T12:54:26.992-04:00","eventName":"n8n.node.started","message":"n8n.node.started","payload":{"workflowId":"F04ioIyQMJZnOQr6","workflowName":"admin","executionId":"3","nodeType":"n8n-nodes-base.googleSheets","nodeName":"Get row(s) in sheet1","nodeId":"791c4a10-94bc-4a97-b526-cfd641a4a61c"}}
{"__type":"$$EventMessageConfirm","confirm":"0534306a-9f8d-4d71-b4ec-fe1a8160fb21","ts":"2026-04-14T12:54:26.992-04:00","source":{"id":"0","name":"eventBus"}}
{"__type":"$$EventMessageNode","id":"016fc2e3-88ff-4055-86ea-cb1fe0d3cf9d","ts":"2026-04-14T12:54:28.060-04:00","eventName":"n8n.node.finished","message":"n8n.node.finished","payload":{"workflowId":"F04ioIyQMJZnOQr6","workflowName":"admin","executionId":"3","nodeType":"n8n-nodes-base.googleSheets","nodeName":"Get row(s) in sheet1","nodeId":"791c4a10-94bc-4a97-b526-cfd641a4a61c"}}
{"__type":"$$EventMessageConfirm","confirm":"016fc2e3-88ff-4055-86ea-cb1fe0d3cf9d","ts":"2026-04-14T12:54:28.061-04:00","source":{"id":"0","name":"eventBus"}}
{"__type":"$$EventMessageNode","id":"cc55cd59-c0b2-4174-b5bc-e73d7232bcd0","ts":"2026-04-14T12:54:28.061-04:00","eventName":"n8n.node.started","message":"n8n.node.started","payload":{"workflowId":"F04ioIyQMJZnOQr6","workflowName":"admin","executionId":"3","nodeType":"n8n-nodes-base.set","nodeName":"Edit Fields1","nodeId":"9aaebab9-6606-487a-81ee-8d1a88fdc5d3"}}
{"__type":"$$EventMessageConfirm","confirm":"cc55cd59-c0b2-4174-b5bc-e73d7232bcd0","ts":"2026-04-14T12:54:28.062-04:00","source":{"id":"0","name":"eventBus"}}
{"__type":"$$EventMessageNode","id":"b2ec83e4-a9a5-4c3f-ac26-701fa059a1b5","ts":"2026-04-14T12:54:28.079-04:00","eventName":"n8n.node.finished","message":"n8n.node.finished","payload":{"workflowId":"F04ioIyQMJZnOQr6","workflowName":"admin","executionId":"3","nodeType":"n8n-nodes-base.set","nodeName":"Edit Fields1","nodeId":"9aaebab9-6606-487a-81ee-8d1a88fdc5d3"}}
{"__type":"$$EventMessageConfirm","confirm":"b2ec83e4-a9a5-4c3f-ac26-701fa059a1b5","ts":"2026-04-14T12:54:28.080-04:00","source":{"id":"0","name":"eventBus"}}
{"__type":"$$EventMessageNode","id":"f6d9e1c4-7d33-45e5-8220-3676ce8890fc","ts":"2026-04-14T12:54:28.080-04:00","eventName":"n8n.node.started","message":"n8n.node.started","payload":{"workflowId":"F04ioIyQMJZnOQr6","workflowName":"admin","executionId":"3","nodeType":"n8n-nodes-base.respondToWebhook","nodeName":"Respond to Webhook1","nodeId":"99853d78-3b7b-4da7-bea3-1aa126e350a0"}}
{"__type":"$$EventMessageConfirm","confirm":"f6d9e1c4-7d33-45e5-8220-3676ce8890fc","ts":"2026-04-14T12:54:28.080-04:00","source":{"id":"0","name":"eventBus"}}
{"__type":"$$EventMessageNode","id":"d9f66279-7f75-44ce-b4f5-44d56fc4d80c","ts":"2026-04-14T12:54:28.081-04:00","eventName":"n8n.node.finished","message":"n8n.node.finished","payload":{"workflowId":"F04ioIyQMJZnOQr6","workflowName":"admin","executionId":"3","nodeType":"n8n-nodes-base.respondToWebhook","nodeName":"Respond to Webhook1","nodeId":"99853d78-3b7b-4da7-bea3-1aa126e350a0"}}
{"__type":"$$EventMessageConfirm","confirm":"d9f66279-7f75-44ce-b4f5-44d56fc4d80c","ts":"2026-04-14T12:54:28.081-04:00","source":{"id":"0","name":"eventBus"}}
{"__type":"$$EventMessageWorkflow","id":"4f35a292-fca9-4570-bb88-1a2686bf2c30","ts":"2026-04-14T12:54:28.082-04:00","eventName":"n8n.workflow.success","message":"n8n.workflow.success","payload":{"executionId":"3","success":true,"isManual":false,"mode":"webhook","workflowId":"F04ioIyQMJZnOQr6","workflowName":"admin"}}
{"__type":"$$EventMessageConfirm","confirm":"4f35a292-fca9-4570-bb88-1a2686bf2c30","ts":"2026-04-14T12:54:28.083-04:00","source":{"id":"0","name":"eventBus"}}
{"__type":"$$EventMessageAudit","id":"80a50567-f982-4cca-bb87-8fd7a72998b7","ts":"2026-04-14T12:54:32.812-04:00","eventName":"n8n.audit.workflow.executed","message":"n8n.audit.workflow.executed","payload":{"workflowId":"F04ioIyQMJZnOQr6","workflowName":"admin","executionId":"4","source":"webhook"}}
{"__type":"$$EventMessageConfirm","confirm":"80a50567-f982-4cca-bb87-8fd7a72998b7","ts":"2026-04-14T12:54:32.812-04:00","source":{"id":"0","name":"eventBus"}}
{"__type":"$$EventMessageWorkflow","id":"704d7fe0-d348-484f-a333-1d7f234563b2","ts":"2026-04-14T12:54:32.813-04:00","eventName":"n8n.workflow.started","message":"n8n.workflow.started","payload":{"executionId":"4","workflowId":"F04ioIyQMJZnOQr6","isManual":false,"mode":"webhook","workflowName":"admin"}}
{"__type":"$$EventMessageConfirm","confirm":"704d7fe0-d348-484f-a333-1d7f234563b2","ts":"2026-04-14T12:54:32.813-04:00","source":{"id":"0","name":"eventBus"}}
{"__type":"$$EventMessageNode","id":"f5132ce8-2a6d-4fc9-8380-14efffb6f3d0","ts":"2026-04-14T12:54:32.814-04:00","eventName":"n8n.node.started","message":"n8n.node.started","payload":{"workflowId":"F04ioIyQMJZnOQr6","workflowName":"admin","executionId":"4","nodeType":"n8n-nodes-base.webhook","nodeName":"Webhook","nodeId":"2e863b98-aaaf-424f-942a-8a45865bb9bc"}}
{"__type":"$$EventMessageConfirm","confirm":"f5132ce8-2a6d-4fc9-8380-14efffb6f3d0","ts":"2026-04-14T12:54:32.814-04:00","source":{"id":"0","name":"eventBus"}}
{"__type":"$$EventMessageNode","id":"c6d2e2bf-6b08-4909-98a2-41c65cba2ce3","ts":"2026-04-14T12:54:32.815-04:00","eventName":"n8n.node.finished","message":"n8n.node.finished","payload":{"workflowId":"F04ioIyQMJZnOQr6","workflowName":"admin","executionId":"4","nodeType":"n8n-nodes-base.webhook","nodeName":"Webhook","nodeId":"2e863b98-aaaf-424f-942a-8a45865bb9bc"}}
{"__type":"$$EventMessageConfirm","confirm":"c6d2e2bf-6b08-4909-98a2-41c65cba2ce3","ts":"2026-04-14T12:54:32.815-04:00","source":{"id":"0","name":"eventBus"}}
{"__type":"$$EventMessageNode","id":"9e02bc7f-27d8-453c-bf18-efc160df42fc","ts":"2026-04-14T12:54:32.815-04:00","eventName":"n8n.node.started","message":"n8n.node.started","payload":{"workflowId":"F04ioIyQMJZnOQr6","workflowName":"admin","executionId":"4","nodeType":"n8n-nodes-base.googleSheets","nodeName":"Get row(s) in sheet","nodeId":"23ec1fe0-5996-40e4-9361-7ee7faa9a1b4"}}
{"__type":"$$EventMessageConfirm","confirm":"9e02bc7f-27d8-453c-bf18-efc160df42fc","ts":"2026-04-14T12:54:32.815-04:00","source":{"id":"0","name":"eventBus"}}
{"__type":"$$EventMessageNode","id":"be2d0524-9920-4328-8f9c-5e9b3c4f9815","ts":"2026-04-14T12:54:34.014-04:00","eventName":"n8n.node.finished","message":"n8n.node.finished","payload":{"workflowId":"F04ioIyQMJZnOQr6","workflowName":"admin","executionId":"4","nodeType":"n8n-nodes-base.googleSheets","nodeName":"Get row(s) in sheet","nodeId":"23ec1fe0-5996-40e4-9361-7ee7faa9a1b4"}}
{"__type":"$$EventMessageConfirm","confirm":"be2d0524-9920-4328-8f9c-5e9b3c4f9815","ts":"2026-04-14T12:54:34.015-04:00","source":{"id":"0","name":"eventBus"}}
{"__type":"$$EventMessageNode","id":"47b07da7-858e-4c78-8ebf-105120476911","ts":"2026-04-14T12:54:34.015-04:00","eventName":"n8n.node.started","message":"n8n.node.started","payload":{"workflowId":"F04ioIyQMJZnOQr6","workflowName":"admin","executionId":"4","nodeType":"n8n-nodes-base.set","nodeName":"Edit Fields","nodeId":"775f427c-d469-4b47-9b24-94dd2b8af1de"}}
{"__type":"$$EventMessageConfirm","confirm":"47b07da7-858e-4c78-8ebf-105120476911","ts":"2026-04-14T12:54:34.015-04:00","source":{"id":"0","name":"eventBus"}}
{"__type":"$$EventMessageNode","id":"782132af-9701-4f78-a493-d94762075adc","ts":"2026-04-14T12:54:34.079-04:00","eventName":"n8n.node.finished","message":"n8n.node.finished","payload":{"workflowId":"F04ioIyQMJZnOQr6","workflowName":"admin","executionId":"4","nodeType":"n8n-nodes-base.set","nodeName":"Edit Fields","nodeId":"775f427c-d469-4b47-9b24-94dd2b8af1de"}}
{"__type":"$$EventMessageConfirm","confirm":"782132af-9701-4f78-a493-d94762075adc","ts":"2026-04-14T12:54:34.079-04:00","source":{"id":"0","name":"eventBus"}}
{"__type":"$$EventMessageNode","id":"f945285a-bc70-4cf1-b120-b01b9310cb72","ts":"2026-04-14T12:54:34.079-04:00","eventName":"n8n.node.started","message":"n8n.node.started","payload":{"workflowId":"F04ioIyQMJZnOQr6","workflowName":"admin","executionId":"4","nodeType":"n8n-nodes-base.respondToWebhook","nodeName":"Respond to Webhook","nodeId":"e32af3b9-7d37-4a18-91be-9b8707a10450"}}
{"__type":"$$EventMessageConfirm","confirm":"f945285a-bc70-4cf1-b120-b01b9310cb72","ts":"2026-04-14T12:54:34.079-04:00","source":{"id":"0","name":"eventBus"}}
{"__type":"$$EventMessageNode","id":"52b628b7-d4a6-4f91-a1f1-956953416e81","ts":"2026-04-14T12:54:34.081-04:00","eventName":"n8n.node.finished","message":"n8n.node.finished","payload":{"workflowId":"F04ioIyQMJZnOQr6","workflowName":"admin","executionId":"4","nodeType":"n8n-nodes-base.respondToWebhook","nodeName":"Respond to Webhook","nodeId":"e32af3b9-7d37-4a18-91be-9b8707a10450"}}
{"__type":"$$EventMessageConfirm","confirm":"52b628b7-d4a6-4f91-a1f1-956953416e81","ts":"2026-04-14T12:54:34.081-04:00","source":{"id":"0","name":"eventBus"}}
{"__type":"$$EventMessageWorkflow","id":"b744faef-2fd2-4bbf-81f6-1e7afc02c73f","ts":"2026-04-14T12:54:34.084-04:00","eventName":"n8n.workflow.success","message":"n8n.workflow.success","payload":{"executionId":"4","success":true,"isManual":false,"mode":"webhook","workflowId":"F04ioIyQMJZnOQr6","workflowName":"admin"}}
{"__type":"$$EventMessageConfirm","confirm":"b744faef-2fd2-4bbf-81f6-1e7afc02c73f","ts":"2026-04-14T12:54:34.084-04:00","source":{"id":"0","name":"eventBus"}}
{"__type":"$$EventMessageAudit","id":"d64a9f09-0f2e-4cec-9890-c02982bb1371","ts":"2026-04-14T12:54:36.180-04:00","eventName":"n8n.audit.workflow.executed","message":"n8n.audit.workflow.executed","payload":{"workflowId":"F04ioIyQMJZnOQr6","workflowName":"admin","executionId":"5","source":"webhook"}}
{"__type":"$$EventMessageConfirm","confirm":"d64a9f09-0f2e-4cec-9890-c02982bb1371","ts":"2026-04-14T12:54:36.181-04:00","source":{"id":"0","name":"eventBus"}}
{"__type":"$$EventMessageWorkflow","id":"5094e7f8-a291-4280-ae69-fb61cf6b7c1a","ts":"2026-04-14T12:54:36.181-04:00","eventName":"n8n.workflow.started","message":"n8n.workflow.started","payload":{"executionId":"5","workflowId":"F04ioIyQMJZnOQr6","isManual":false,"mode":"webhook","workflowName":"admin"}}
{"__type":"$$EventMessageConfirm","confirm":"5094e7f8-a291-4280-ae69-fb61cf6b7c1a","ts":"2026-04-14T12:54:36.182-04:00","source":{"id":"0","name":"eventBus"}}
{"__type":"$$EventMessageNode","id":"925aef28-572a-426f-9c1d-3df321b4ef37","ts":"2026-04-14T12:54:36.182-04:00","eventName":"n8n.node.started","message":"n8n.node.started","payload":{"workflowId":"F04ioIyQMJZnOQr6","workflowName":"admin","executionId":"5","nodeType":"n8n-nodes-base.webhook","nodeName":"Webhook","nodeId":"2e863b98-aaaf-424f-942a-8a45865bb9bc"}}
{"__type":"$$EventMessageConfirm","confirm":"925aef28-572a-426f-9c1d-3df321b4ef37","ts":"2026-04-14T12:54:36.182-04:00","source":{"id":"0","name":"eventBus"}}
{"__type":"$$EventMessageNode","id":"3035b47d-e9c6-4847-b559-c4e6af6113de","ts":"2026-04-14T12:54:36.183-04:00","eventName":"n8n.node.finished","message":"n8n.node.finished","payload":{"workflowId":"F04ioIyQMJZnOQr6","workflowName":"admin","executionId":"5","nodeType":"n8n-nodes-base.webhook","nodeName":"Webhook","nodeId":"2e863b98-aaaf-424f-942a-8a45865bb9bc"}}
{"__type":"$$EventMessageConfirm","confirm":"3035b47d-e9c6-4847-b559-c4e6af6113de","ts":"2026-04-14T12:54:36.183-04:00","source":{"id":"0","name":"eventBus"}}
{"__type":"$$EventMessageNode","id":"7ec6f12e-4145-47cf-8cd8-abb9a2ba4611","ts":"2026-04-14T12:54:36.183-04:00","eventName":"n8n.node.started","message":"n8n.node.started","payload":{"workflowId":"F04ioIyQMJZnOQr6","workflowName":"admin","executionId":"5","nodeType":"n8n-nodes-base.googleSheets","nodeName":"Get row(s) in sheet","nodeId":"23ec1fe0-5996-40e4-9361-7ee7faa9a1b4"}}
{"__type":"$$EventMessageConfirm","confirm":"7ec6f12e-4145-47cf-8cd8-abb9a2ba4611","ts":"2026-04-14T12:54:36.183-04:00","source":{"id":"0","name":"eventBus"}}
{"__type":"$$EventMessageNode","id":"f2d69ce3-5f49-49ed-9324-95d6fba8e925","ts":"2026-04-14T12:54:37.164-04:00","eventName":"n8n.node.finished","message":"n8n.node.finished","payload":{"workflowId":"F04ioIyQMJZnOQr6","workflowName":"admin","executionId":"5","nodeType":"n8n-nodes-base.googleSheets","nodeName":"Get row(s) in sheet","nodeId":"23ec1fe0-5996-40e4-9361-7ee7faa9a1b4"}}
{"__type":"$$EventMessageConfirm","confirm":"f2d69ce3-5f49-49ed-9324-95d6fba8e925","ts":"2026-04-14T12:54:37.164-04:00","source":{"id":"0","name":"eventBus"}}
{"__type":"$$EventMessageNode","id":"bc4032aa-fd76-4142-8eeb-ae91d21390a9","ts":"2026-04-14T12:54:37.164-04:00","eventName":"n8n.node.started","message":"n8n.node.started","payload":{"workflowId":"F04ioIyQMJZnOQr6","workflowName":"admin","executionId":"5","nodeType":"n8n-nodes-base.set","nodeName":"Edit Fields","nodeId":"775f427c-d469-4b47-9b24-94dd2b8af1de"}}
{"__type":"$$EventMessageConfirm","confirm":"bc4032aa-fd76-4142-8eeb-ae91d21390a9","ts":"2026-04-14T12:54:37.165-04:00","source":{"id":"0","name":"eventBus"}}
{"__type":"$$EventMessageNode","id":"e8ea8436-c844-4bc7-9a8c-835d050a0fca","ts":"2026-04-14T12:54:37.219-04:00","eventName":"n8n.node.finished","message":"n8n.node.finished","payload":{"workflowId":"F04ioIyQMJZnOQr6","workflowName":"admin","executionId":"5","nodeType":"n8n-nodes-base.set","nodeName":"Edit Fields","nodeId":"775f427c-d469-4b47-9b24-94dd2b8af1de"}}
{"__type":"$$EventMessageConfirm","confirm":"e8ea8436-c844-4bc7-9a8c-835d050a0fca","ts":"2026-04-14T12:54:37.219-04:00","source":{"id":"0","name":"eventBus"}}
{"__type":"$$EventMessageNode","id":"54a29a48-b22d-4c2c-853b-8948e22948c1","ts":"2026-04-14T12:54:37.220-04:00","eventName":"n8n.node.started","message":"n8n.node.started","payload":{"workflowId":"F04ioIyQMJZnOQr6","workflowName":"admin","executionId":"5","nodeType":"n8n-nodes-base.respondToWebhook","nodeName":"Respond to Webhook","nodeId":"e32af3b9-7d37-4a18-91be-9b8707a10450"}}
{"__type":"$$EventMessageConfirm","confirm":"54a29a48-b22d-4c2c-853b-8948e22948c1","ts":"2026-04-14T12:54:37.220-04:00","source":{"id":"0","name":"eventBus"}}
{"__type":"$$EventMessageNode","id":"6fc6ad84-cb30-41b9-b005-266b2edd9be0","ts":"2026-04-14T12:54:37.222-04:00","eventName":"n8n.node.finished","message":"n8n.node.finished","payload":{"workflowId":"F04ioIyQMJZnOQr6","workflowName":"admin","executionId":"5","nodeType":"n8n-nodes-base.respondToWebhook","nodeName":"Respond to Webhook","nodeId":"e32af3b9-7d37-4a18-91be-9b8707a10450"}}
{"__type":"$$EventMessageConfirm","confirm":"6fc6ad84-cb30-41b9-b005-266b2edd9be0","ts":"2026-04-14T12:54:37.222-04:00","source":{"id":"0","name":"eventBus"}}
{"__type":"$$EventMessageWorkflow","id":"35d4f40b-41fc-492a-be50-ad24d64c777c","ts":"2026-04-14T12:54:37.224-04:00","eventName":"n8n.workflow.success","message":"n8n.workflow.success","payload":{"executionId":"5","success":true,"isManual":false,"mode":"webhook","workflowId":"F04ioIyQMJZnOQr6","workflowName":"admin"}}
{"__type":"$$EventMessageConfirm","confirm":"35d4f40b-41fc-492a-be50-ad24d64c777c","ts":"2026-04-14T12:54:37.224-04:00","source":{"id":"0","name":"eventBus"}}
